<?xml version="1.0" encoding="UTF-8"?>
<!-- Generated by org.testng.reporters.JUnitReportReporter -->
<testsuite skipped="0" hostname="ws-5695" name="org.crm.qa.testcases.LoginPageTest" tests="3" failures="0" timestamp="30 Dec 2019 15:49:22 GMT" time="52.806" errors="0">
  <testcase name="checkLinkIsEnabledTest" time="17.341" classname="org.crm.qa.testcases.LoginPageTest"/>
  <testcase name="loginOperationTest" time="17.986" classname="org.crm.qa.testcases.LoginPageTest"/>
  <testcase name="getTitelOfThePageTest" time="17.479" classname="org.crm.qa.testcases.LoginPageTest"/>
</testsuite> <!-- org.crm.qa.testcases.LoginPageTest -->
