<?xml version="1.0" encoding="UTF-8"?>
<!-- Generated by org.testng.reporters.JUnitReportReporter -->
<testsuite skipped="0" hostname="ws-5695" name="org.crm.qa.testcases.ContactsPageTest" tests="2" failures="0" timestamp="30 Dec 2019 15:49:22 GMT" time="73.259" errors="0">
  <testcase name="createNewContactTest" time="38.893" classname="org.crm.qa.testcases.ContactsPageTest"/>
  <testcase name="createNewContactTest" time="34.366" classname="org.crm.qa.testcases.ContactsPageTest"/>
</testsuite> <!-- org.crm.qa.testcases.ContactsPageTest -->
