<?xml version="1.0" encoding="UTF-8"?>
<!-- Generated by org.testng.reporters.JUnitReportReporter -->
<testsuite skipped="0" hostname="ws-5695" name="org.crm.qa.testcases.MainPageTest" tests="4" failures="0" timestamp="30 Dec 2019 15:49:22 GMT" time="102.778" errors="0">
  <testcase name="verifyPageTitleTest" time="16.961" classname="org.crm.qa.testcases.MainPageTest"/>
  <testcase name="clickCompaniesLinkTest" time="29.996" classname="org.crm.qa.testcases.MainPageTest"/>
  <testcase name="verifyLogoTest" time="29.272" classname="org.crm.qa.testcases.MainPageTest"/>
  <testcase name="clickContactsLinkTest" time="26.549" classname="org.crm.qa.testcases.MainPageTest"/>
</testsuite> <!-- org.crm.qa.testcases.MainPageTest -->
