<?xml version="1.0" encoding="UTF-8"?>
<!-- Generated by org.testng.reporters.JUnitReportReporter -->
<testsuite skipped="0" hostname="ws-5695" name="org.crm.qa.testcases.Suma" tests="1" failures="0" timestamp="28 Dec 2019 17:37:29 GMT" time="0.033" errors="0">
  <testcase name="sum" time="0.033" classname="org.crm.qa.testcases.Suma"/>
</testsuite> <!-- org.crm.qa.testcases.Suma -->
